#
# There is insufficient memory for the Java Runtime Environment to continue.
# Native memory allocation (malloc) failed to allocate 1901776 bytes for Chunk::new
# Possible reasons:
#   The system is out of physical RAM or swap space
#   The process is running with CompressedOops enabled, and the Java Heap may be blocking the growth of the native heap
# Possible solutions:
#   Reduce memory load on the system
#   Increase physical memory or swap space
#   Check if swap backing store is full
#   Decrease Java heap size (-Xmx/-Xms)
#   Decrease number of Java threads
#   Decrease Java thread stack sizes (-Xss)
#   Set larger code cache with -XX:ReservedCodeCacheSize=
#   JVM is running with Unscaled Compressed Oops mode in which the Java heap is
#     placed in the first 4GB address space. The Java Heap base address is the
#     maximum limit for the native heap growth. Please use -XX:HeapBaseMinAddress
#     to set the Java Heap base and to place the Java Heap above 4GB virtual address.
# This output file may be truncated or incomplete.
#
#  Out of Memory Error (./src/hotspot/share/memory/arena.cpp:197), pid=14972, tid=1048
#
# JRE version: OpenJDK Runtime Environment (11.0.11+9) (build 11.0.11+9-b60-7590822)
# Java VM: OpenJDK 64-Bit Server VM (11.0.11+9-b60-7590822, mixed mode, tiered, compressed oops, g1 gc, windows-amd64)
# No core dump will be written. Minidumps are not enabled by default on client versions of Windows
#

---------------  S U M M A R Y ------------

Command Line: --add-opens=java.base/java.util=ALL-UNNAMED --add-opens=java.base/java.lang=ALL-UNNAMED --add-opens=java.base/java.lang.invoke=ALL-UNNAMED --add-opens=java.base/java.util=ALL-UNNAMED --add-opens=java.prefs/java.util.prefs=ALL-UNNAMED --add-opens=java.prefs/java.util.prefs=ALL-UNNAMED --add-opens=java.base/java.nio.charset=ALL-UNNAMED --add-opens=java.base/java.net=ALL-UNNAMED --add-opens=java.base/java.util.concurrent.atomic=ALL-UNNAMED -Xmx2048m -Dfile.encoding=UTF-8 -Duser.country=US -Duser.language=en -Duser.variant org.gradle.launcher.daemon.bootstrap.GradleDaemon 7.2

Host: Intel(R) Core(TM) i7-8550U CPU @ 1.80GHz, 8 cores, 7G,  Windows 10 , 64 bit Build 19041 (10.0.19041.2913)
Time: Tue Jun 20 23:42:35 2023 Egypt Daylight Time elapsed time: 18.170044 seconds (0d 0h 0m 18s)

---------------  T H R E A D  ---------------

Current thread (0x000001dfa57fa800):  JavaThread "C2 CompilerThread0" daemon [_thread_in_native, id=1048, stack(0x000000b445000000,0x000000b445100000)]


Current CompileTask:
C2:  18170 6933   !   4       jdk.internal.loader.Resource::getBytes (242 bytes)

Stack: [0x000000b445000000,0x000000b445100000]
Native frames: (J=compiled Java code, j=interpreted, Vv=VM code, C=native code)
V  [jvm.dll+0x5f214a]
V  [jvm.dll+0x726fb5]
V  [jvm.dll+0x7285cd]
V  [jvm.dll+0x728c83]
V  [jvm.dll+0x243278]
V  [jvm.dll+0xbc53c]
V  [jvm.dll+0xbca3c]
V  [jvm.dll+0x353e3b]
V  [jvm.dll+0x321893]
V  [jvm.dll+0x320d8a]
V  [jvm.dll+0x1fc1e2]
V  [jvm.dll+0x1fb3d4]
V  [jvm.dll+0x183d6c]
V  [jvm.dll+0x209a57]
V  [jvm.dll+0x2082a1]
V  [jvm.dll+0x6ef58f]
V  [jvm.dll+0x6e80b5]
V  [jvm.dll+0x5f1036]
C  [ucrtbase.dll+0x21bb2]
C  [KERNEL32.DLL+0x17614]
C  [ntdll.dll+0x526a1]


---------------  P R O C E S S  ---------------

Threads class SMR info:
_java_thread_list=0x000001dfaca26780, length=122, elements={
0x000001df8aa06000, 0x000001dfa4e7b000, 0x000001dfa4e7c800, 0x000001dfa57f4000,
0x000001dfa57f5000, 0x000001dfa57f7800, 0x000001dfa57fa800, 0x000001dfa4e94000,
0x000001dfa5824000, 0x000001dfa5981800, 0x000001dfa67c1800, 0x000001dfa67c3000,
0x000001dfa67c0800, 0x000001dfa67c2800, 0x000001dfa67c4000, 0x000001dfa67be000,
0x000001dfa67c5000, 0x000001dfa67c0000, 0x000001dfa6ff8800, 0x000001dfa6ff9000,
0x000001dfa6ff7800, 0x000001dfa6ff5000, 0x000001dfa6ff3800, 0x000001dfa6ffa000,
0x000001dfa6ff4000, 0x000001dfa6ffb000, 0x000001dfa6ffb800, 0x000001dfa6ff6000,
0x000001dfa6ffc800, 0x000001dfa6ff6800, 0x000001dfa7000800, 0x000001dfa6ffd000,
0x000001dfa7001800, 0x000001dfa7002000, 0x000001dfa6ffe000, 0x000001dfaaf72000,
0x000001dfaaf73000, 0x000001dfaaf70800, 0x000001dfaaf6f800, 0x000001dfaaf71800,
0x000001dfaaf6f000, 0x000001dfaaf6d800, 0x000001dfaaf74000, 0x000001dfaaf6e000,
0x000001dfaaf7a800, 0x000001dfaaf78000, 0x000001dfaaf74800, 0x000001dfaaf77000,
0x000001dfaaf78800, 0x000001dfaaf7b000, 0x000001dfaaf79800, 0x000001dfaaf75800,
0x000001dfaaf76000, 0x000001dfaaf7c000, 0x000001dfab8de000, 0x000001dfab8db800,
0x000001dfab8dc800, 0x000001dfab8df000, 0x000001dfab8d9000, 0x000001dfab8dd000,
0x000001dfab8df800, 0x000001dfab8da000, 0x000001dfab8e0800, 0x000001dfab8da800,
0x000001dfab8e4800, 0x000001dfab8e6000, 0x000001dfab8e5800, 0x000001dfab8e7000,
0x000001dfab8e3000, 0x000001dfab8e2000, 0x000001dfab8e3800, 0x000001dfab8e1800,
0x000001dfab8e8000, 0x000001dfa9594800, 0x000001dfa9595000, 0x000001dfa958f800,
0x000001dfa9593800, 0x000001dfa9596000, 0x000001dfa9590800, 0x000001dfa9597000,
0x000001dfa9591000, 0x000001dfa9597800, 0x000001dfa9592000, 0x000001dfa9598800,
0x000001dfa9593000, 0x000001dfa959e000, 0x000001dfa959d800, 0x000001dfa959b800,
0x000001dfa9599800, 0x000001dfa959a000, 0x000001dfa959b000, 0x000001dfa959c800,
0x000001dfac861800, 0x000001dfac865800, 0x000001dfac866000, 0x000001dfac863000,
0x000001dfac863800, 0x000001dfac860800, 0x000001dfac864800, 0x000001dfac862000,
0x000001dfac869800, 0x000001dfac86a800, 0x000001dfac86b000, 0x000001dfac86c000,
0x000001dfac868800, 0x000001dfac867000, 0x000001dfac868000, 0x000001dfac86c800,
0x000001dfac86d800, 0x000001dfac86e800, 0x000001dfac86f000, 0x000001dfac874800,
0x000001dfac870800, 0x000001dfac873800, 0x000001dfac872000, 0x000001dfac875800,
0x000001dfac876000, 0x000001dfac877000, 0x000001dfac871800, 0x000001dfac878000,
0x000001dfac878800, 0x000001dfac873000
}

Java Threads: ( => current thread )
  0x000001df8aa06000 JavaThread "main" [_thread_blocked, id=16020, stack(0x000000b444400000,0x000000b444500000)]
  0x000001dfa4e7b000 JavaThread "Reference Handler" daemon [_thread_blocked, id=15668, stack(0x000000b444b00000,0x000000b444c00000)]
  0x000001dfa4e7c800 JavaThread "Finalizer" daemon [_thread_blocked, id=10796, stack(0x000000b444c00000,0x000000b444d00000)]
  0x000001dfa57f4000 JavaThread "Signal Dispatcher" daemon [_thread_blocked, id=6788, stack(0x000000b444d00000,0x000000b444e00000)]
  0x000001dfa57f5000 JavaThread "Attach Listener" daemon [_thread_blocked, id=14532, stack(0x000000b444e00000,0x000000b444f00000)]
  0x000001dfa57f7800 JavaThread "Service Thread" daemon [_thread_blocked, id=2684, stack(0x000000b444f00000,0x000000b445000000)]
=>0x000001dfa57fa800 JavaThread "C2 CompilerThread0" daemon [_thread_in_native, id=1048, stack(0x000000b445000000,0x000000b445100000)]
  0x000001dfa4e94000 JavaThread "C1 CompilerThread0" daemon [_thread_in_native, id=17132, stack(0x000000b445100000,0x000000b445200000)]
  0x000001dfa5824000 JavaThread "Sweeper thread" daemon [_thread_blocked, id=3144, stack(0x000000b445200000,0x000000b445300000)]
  0x000001dfa5981800 JavaThread "Common-Cleaner" daemon [_thread_blocked, id=4152, stack(0x000000b445300000,0x000000b445400000)]
  0x000001dfa67c1800 JavaThread "Daemon health stats" [_thread_blocked, id=18936, stack(0x000000b445800000,0x000000b445900000)]
  0x000001dfa67c3000 JavaThread "Incoming local TCP Connector on port 54239" [_thread_in_native, id=15464, stack(0x000000b445700000,0x000000b445800000)]
  0x000001dfa67c0800 JavaThread "Daemon periodic checks" [_thread_blocked, id=14940, stack(0x000000b445900000,0x000000b445a00000)]
  0x000001dfa67c2800 JavaThread "Daemon" [_thread_blocked, id=12268, stack(0x000000b445a00000,0x000000b445b00000)]
  0x000001dfa67c4000 JavaThread "Handler for socket connection from /127.0.0.1:54239 to /127.0.0.1:54240" [_thread_in_native, id=15144, stack(0x000000b445b00000,0x000000b445c00000)]
  0x000001dfa67be000 JavaThread "Cancel handler" [_thread_blocked, id=14928, stack(0x000000b445c00000,0x000000b445d00000)]
  0x000001dfa67c5000 JavaThread "Daemon worker" [_thread_in_vm, id=2760, stack(0x000000b445d00000,0x000000b445e00000)]
  0x000001dfa67c0000 JavaThread "Asynchronous log dispatcher for DefaultDaemonConnection: socket connection from /127.0.0.1:54239 to /127.0.0.1:54240" [_thread_blocked, id=2132, stack(0x000000b445e00000,0x000000b445f00000)]
  0x000001dfa6ff8800 JavaThread "Stdin handler" [_thread_blocked, id=16308, stack(0x000000b445f00000,0x000000b446000000)]
  0x000001dfa6ff9000 JavaThread "Daemon client event forwarder" [_thread_blocked, id=8624, stack(0x000000b446000000,0x000000b446100000)]
  0x000001dfa6ff7800 JavaThread "Cache worker for journal cache (C:\Users\Administrator\.gradle\caches\journal-1)" [_thread_blocked, id=5912, stack(0x000000b446700000,0x000000b446800000)]
  0x000001dfa6ff5000 JavaThread "File lock request listener" [_thread_in_native, id=18504, stack(0x000000b446800000,0x000000b446900000)]
  0x000001dfa6ff3800 JavaThread "Cache worker for file hash cache (C:\Users\Administrator\.gradle\caches\7.2\fileHashes)" [_thread_blocked, id=14132, stack(0x000000b446900000,0x000000b446a00000)]
  0x000001dfa6ffa000 JavaThread "Cache worker for file hash cache (C:\Users\Administrator\AndroidStudioProjects\AndroidProject\.gradle\7.2\fileHashes)" [_thread_blocked, id=10236, stack(0x000000b446a00000,0x000000b446b00000)]
  0x000001dfa6ff4000 JavaThread "File watcher server" daemon [_thread_in_native, id=2588, stack(0x000000b446b00000,0x000000b446c00000)]
  0x000001dfa6ffb000 JavaThread "File watcher consumer" daemon [_thread_blocked, id=1524, stack(0x000000b446c00000,0x000000b446d00000)]
  0x000001dfa6ffb800 JavaThread "Cache worker for checksums cache (C:\Users\Administrator\AndroidStudioProjects\AndroidProject\.gradle\checksums)" [_thread_blocked, id=14864, stack(0x000000b446d00000,0x000000b446e00000)]
  0x000001dfa6ff6000 JavaThread "Cache worker for cache directory md-supplier (C:\Users\Administrator\.gradle\caches\7.2\md-supplier)" [_thread_blocked, id=8356, stack(0x000000b446e00000,0x000000b446f00000)]
  0x000001dfa6ffc800 JavaThread "Cache worker for cache directory md-rule (C:\Users\Administrator\.gradle\caches\7.2\md-rule)" [_thread_blocked, id=7896, stack(0x000000b446f00000,0x000000b447000000)]
  0x000001dfa6ff6800 JavaThread "Cache worker for execution history cache (C:\Users\Administrator\.gradle\caches\7.2\executionHistory)" [_thread_blocked, id=12012, stack(0x000000b447000000,0x000000b447100000)]
  0x000001dfa7000800 JavaThread "jar transforms" [_thread_blocked, id=14988, stack(0x000000b447200000,0x000000b447300000)]
  0x000001dfa6ffd000 JavaThread "Cache worker for file content cache (C:\Users\Administrator\.gradle\caches\7.2\fileContent)" [_thread_blocked, id=11424, stack(0x000000b447300000,0x000000b447400000)]
  0x000001dfa7001800 JavaThread "jar transforms Thread 2" [_thread_blocked, id=8660, stack(0x000000b447400000,0x000000b447500000)]
  0x000001dfa7002000 JavaThread "Cache worker for dependencies-accessors (C:\Users\Administrator\AndroidStudioProjects\AndroidProject\.gradle\7.2\dependencies-accessors)" [_thread_blocked, id=1080, stack(0x000000b447500000,0x000000b447600000)]
  0x000001dfa6ffe000 JavaThread "jar transforms Thread 3" [_thread_blocked, id=15928, stack(0x000000b447600000,0x000000b447700000)]
  0x000001dfaaf72000 JavaThread "Cache worker for Build Output Cleanup Cache (C:\Users\Administrator\AndroidStudioProjects\AndroidProject\.gradle\buildOutputCleanup)" [_thread_blocked, id=6624, stack(0x000000b447700000,0x000000b447800000)]
  0x000001dfaaf73000 JavaThread "Unconstrained build operations" [_thread_blocked, id=18696, stack(0x000000b447800000,0x000000b447900000)]
  0x000001dfaaf70800 JavaThread "Unconstrained build operations Thread 2" [_thread_blocked, id=8388, stack(0x000000b447900000,0x000000b447a00000)]
  0x000001dfaaf6f800 JavaThread "Unconstrained build operations Thread 3" [_thread_blocked, id=3140, stack(0x000000b447a00000,0x000000b447b00000)]
  0x000001dfaaf71800 JavaThread "Unconstrained build operations Thread 4" [_thread_blocked, id=10012, stack(0x000000b447b00000,0x000000b447c00000)]
  0x000001dfaaf6f000 JavaThread "Unconstrained build operations Thread 5" [_thread_blocked, id=4628, stack(0x000000b447c00000,0x000000b447d00000)]
  0x000001dfaaf6d800 JavaThread "Unconstrained build operations Thread 6" [_thread_blocked, id=1732, stack(0x000000b447d00000,0x000000b447e00000)]
  0x000001dfaaf74000 JavaThread "Unconstrained build operations Thread 7" [_thread_blocked, id=13056, stack(0x000000b447e00000,0x000000b447f00000)]
  0x000001dfaaf6e000 JavaThread "Unconstrained build operations Thread 8" [_thread_blocked, id=1168, stack(0x000000b447f00000,0x000000b448000000)]
  0x000001dfaaf7a800 JavaThread "Unconstrained build operations Thread 9" [_thread_blocked, id=7696, stack(0x000000b448000000,0x000000b448100000)]
  0x000001dfaaf78000 JavaThread "Unconstrained build operations Thread 10" [_thread_blocked, id=1332, stack(0x000000b448100000,0x000000b448200000)]
  0x000001dfaaf74800 JavaThread "Unconstrained build operations Thread 11" [_thread_blocked, id=10588, stack(0x000000b448200000,0x000000b448300000)]
  0x000001dfaaf77000 JavaThread "Unconstrained build operations Thread 12" [_thread_blocked, id=14652, stack(0x000000b448300000,0x000000b448400000)]
  0x000001dfaaf78800 JavaThread "Unconstrained build operations Thread 13" [_thread_blocked, id=11452, stack(0x000000b448400000,0x000000b448500000)]
  0x000001dfaaf7b000 JavaThread "Unconstrained build operations Thread 14" [_thread_blocked, id=10440, stack(0x000000b448500000,0x000000b448600000)]
  0x000001dfaaf79800 JavaThread "Unconstrained build operations Thread 15" [_thread_blocked, id=14612, stack(0x000000b448600000,0x000000b448700000)]
  0x000001dfaaf75800 JavaThread "Unconstrained build operations Thread 16" [_thread_blocked, id=13196, stack(0x000000b448700000,0x000000b448800000)]
  0x000001dfaaf76000 JavaThread "Unconstrained build operations Thread 17" [_thread_blocked, id=6820, stack(0x000000b448800000,0x000000b448900000)]
  0x000001dfaaf7c000 JavaThread "Unconstrained build operations Thread 18" [_thread_blocked, id=8212, stack(0x000000b448900000,0x000000b448a00000)]
  0x000001dfab8de000 JavaThread "Unconstrained build operations Thread 19" [_thread_blocked, id=2392, stack(0x000000b448a00000,0x000000b448b00000)]
  0x000001dfab8db800 JavaThread "Unconstrained build operations Thread 20" [_thread_blocked, id=9176, stack(0x000000b448b00000,0x000000b448c00000)]
  0x000001dfab8dc800 JavaThread "Unconstrained build operations Thread 21" [_thread_blocked, id=4796, stack(0x000000b448c00000,0x000000b448d00000)]
  0x000001dfab8df000 JavaThread "Unconstrained build operations Thread 22" [_thread_blocked, id=14016, stack(0x000000b448d00000,0x000000b448e00000)]
  0x000001dfab8d9000 JavaThread "Unconstrained build operations Thread 23" [_thread_blocked, id=17272, stack(0x000000b448e00000,0x000000b448f00000)]
  0x000001dfab8dd000 JavaThread "Unconstrained build operations Thread 24" [_thread_blocked, id=16564, stack(0x000000b448f00000,0x000000b449000000)]
  0x000001dfab8df800 JavaThread "Unconstrained build operations Thread 25" [_thread_blocked, id=13032, stack(0x000000b449000000,0x000000b449100000)]
  0x000001dfab8da000 JavaThread "Unconstrained build operations Thread 26" [_thread_blocked, id=19152, stack(0x000000b449100000,0x000000b449200000)]
  0x000001dfab8e0800 JavaThread "Unconstrained build operations Thread 27" [_thread_blocked, id=7504, stack(0x000000b449200000,0x000000b449300000)]
  0x000001dfab8da800 JavaThread "Unconstrained build operations Thread 28" [_thread_blocked, id=15376, stack(0x000000b449300000,0x000000b449400000)]
  0x000001dfab8e4800 JavaThread "Unconstrained build operations Thread 29" [_thread_blocked, id=1688, stack(0x000000b449400000,0x000000b449500000)]
  0x000001dfab8e6000 JavaThread "Unconstrained build operations Thread 30" [_thread_blocked, id=8496, stack(0x000000b449500000,0x000000b449600000)]
  0x000001dfab8e5800 JavaThread "Unconstrained build operations Thread 31" [_thread_blocked, id=18944, stack(0x000000b449600000,0x000000b449700000)]
  0x000001dfab8e7000 JavaThread "Unconstrained build operations Thread 32" [_thread_blocked, id=17500, stack(0x000000b449700000,0x000000b449800000)]
  0x000001dfab8e3000 JavaThread "Unconstrained build operations Thread 33" [_thread_blocked, id=17676, stack(0x000000b449800000,0x000000b449900000)]
  0x000001dfab8e2000 JavaThread "Unconstrained build operations Thread 34" [_thread_blocked, id=8360, stack(0x000000b449900000,0x000000b449a00000)]
  0x000001dfab8e3800 JavaThread "Unconstrained build operations Thread 35" [_thread_blocked, id=18820, stack(0x000000b449a00000,0x000000b449b00000)]
  0x000001dfab8e1800 JavaThread "Unconstrained build operations Thread 36" [_thread_blocked, id=10736, stack(0x000000b449b00000,0x000000b449c00000)]
  0x000001dfab8e8000 JavaThread "Unconstrained build operations Thread 37" [_thread_blocked, id=16876, stack(0x000000b449c00000,0x000000b449d00000)]
  0x000001dfa9594800 JavaThread "Unconstrained build operations Thread 38" [_thread_blocked, id=14300, stack(0x000000b449d00000,0x000000b449e00000)]
  0x000001dfa9595000 JavaThread "Unconstrained build operations Thread 39" [_thread_blocked, id=3216, stack(0x000000b449e00000,0x000000b449f00000)]
  0x000001dfa958f800 JavaThread "Unconstrained build operations Thread 40" [_thread_blocked, id=7636, stack(0x000000b449f00000,0x000000b44a000000)]
  0x000001dfa9593800 JavaThread "Unconstrained build operations Thread 41" [_thread_blocked, id=4428, stack(0x000000b44a000000,0x000000b44a100000)]
  0x000001dfa9596000 JavaThread "Unconstrained build operations Thread 42" [_thread_blocked, id=4508, stack(0x000000b44a100000,0x000000b44a200000)]
  0x000001dfa9590800 JavaThread "Unconstrained build operations Thread 43" [_thread_blocked, id=15700, stack(0x000000b44a200000,0x000000b44a300000)]
  0x000001dfa9597000 JavaThread "Unconstrained build operations Thread 44" [_thread_blocked, id=15876, stack(0x000000b44a300000,0x000000b44a400000)]
  0x000001dfa9591000 JavaThread "Unconstrained build operations Thread 45" [_thread_blocked, id=436, stack(0x000000b44a400000,0x000000b44a500000)]
  0x000001dfa9597800 JavaThread "Unconstrained build operations Thread 46" [_thread_blocked, id=12480, stack(0x000000b44a500000,0x000000b44a600000)]
  0x000001dfa9592000 JavaThread "Unconstrained build operations Thread 47" [_thread_blocked, id=6028, stack(0x000000b44a600000,0x000000b44a700000)]
  0x000001dfa9598800 JavaThread "Unconstrained build operations Thread 48" [_thread_blocked, id=9032, stack(0x000000b44a700000,0x000000b44a800000)]
  0x000001dfa9593000 JavaThread "Unconstrained build operations Thread 49" [_thread_blocked, id=7808, stack(0x000000b44a800000,0x000000b44a900000)]
  0x000001dfa959e000 JavaThread "Unconstrained build operations Thread 50" [_thread_blocked, id=12192, stack(0x000000b44a900000,0x000000b44aa00000)]
  0x000001dfa959d800 JavaThread "Unconstrained build operations Thread 51" [_thread_blocked, id=17528, stack(0x000000b44aa00000,0x000000b44ab00000)]
  0x000001dfa959b800 JavaThread "Unconstrained build operations Thread 52" [_thread_blocked, id=12808, stack(0x000000b44ab00000,0x000000b44ac00000)]
  0x000001dfa9599800 JavaThread "Unconstrained build operations Thread 53" [_thread_blocked, id=15652, stack(0x000000b44ac00000,0x000000b44ad00000)]
  0x000001dfa959a000 JavaThread "Unconstrained build operations Thread 54" [_thread_blocked, id=18852, stack(0x000000b44ad00000,0x000000b44ae00000)]
  0x000001dfa959b000 JavaThread "Unconstrained build operations Thread 55" [_thread_blocked, id=15180, stack(0x000000b44ae00000,0x000000b44af00000)]
  0x000001dfa959c800 JavaThread "Unconstrained build operations Thread 56" [_thread_blocked, id=19116, stack(0x000000b44af00000,0x000000b44b000000)]
  0x000001dfac861800 JavaThread "Unconstrained build operations Thread 57" [_thread_blocked, id=12096, stack(0x000000b44b000000,0x000000b44b100000)]
  0x000001dfac865800 JavaThread "Unconstrained build operations Thread 58" [_thread_blocked, id=2036, stack(0x000000b44b100000,0x000000b44b200000)]
  0x000001dfac866000 JavaThread "Unconstrained build operations Thread 59" [_thread_blocked, id=1548, stack(0x000000b44b200000,0x000000b44b300000)]
  0x000001dfac863000 JavaThread "Unconstrained build operations Thread 60" [_thread_blocked, id=5792, stack(0x000000b44b300000,0x000000b44b400000)]
  0x000001dfac863800 JavaThread "Unconstrained build operations Thread 61" [_thread_blocked, id=13448, stack(0x000000b44b400000,0x000000b44b500000)]
  0x000001dfac860800 JavaThread "Unconstrained build operations Thread 62" [_thread_blocked, id=10836, stack(0x000000b44b500000,0x000000b44b600000)]
  0x000001dfac864800 JavaThread "Unconstrained build operations Thread 63" [_thread_blocked, id=16812, stack(0x000000b44b600000,0x000000b44b700000)]
  0x000001dfac862000 JavaThread "Unconstrained build operations Thread 64" [_thread_blocked, id=2788, stack(0x000000b44b700000,0x000000b44b800000)]
  0x000001dfac869800 JavaThread "Unconstrained build operations Thread 65" [_thread_blocked, id=15736, stack(0x000000b44b800000,0x000000b44b900000)]
  0x000001dfac86a800 JavaThread "Unconstrained build operations Thread 66" [_thread_blocked, id=15084, stack(0x000000b44b900000,0x000000b44ba00000)]
  0x000001dfac86b000 JavaThread "Unconstrained build operations Thread 67" [_thread_blocked, id=14572, stack(0x000000b44ba00000,0x000000b44bb00000)]
  0x000001dfac86c000 JavaThread "Unconstrained build operations Thread 68" [_thread_blocked, id=9380, stack(0x000000b44bb00000,0x000000b44bc00000)]
  0x000001dfac868800 JavaThread "Unconstrained build operations Thread 69" [_thread_blocked, id=13960, stack(0x000000b44bc00000,0x000000b44bd00000)]
  0x000001dfac867000 JavaThread "Unconstrained build operations Thread 70" [_thread_blocked, id=1880, stack(0x000000b44bd00000,0x000000b44be00000)]
  0x000001dfac868000 JavaThread "Unconstrained build operations Thread 71" [_thread_blocked, id=14768, stack(0x000000b44be00000,0x000000b44bf00000)]
  0x000001dfac86c800 JavaThread "Unconstrained build operations Thread 72" [_thread_blocked, id=16232, stack(0x000000b44bf00000,0x000000b44c000000)]
  0x000001dfac86d800 JavaThread "Unconstrained build operations Thread 73" [_thread_blocked, id=7244, stack(0x000000b44c000000,0x000000b44c100000)]
  0x000001dfac86e800 JavaThread "Unconstrained build operations Thread 74" [_thread_blocked, id=9732, stack(0x000000b44c100000,0x000000b44c200000)]
  0x000001dfac86f000 JavaThread "Unconstrained build operations Thread 75" [_thread_blocked, id=13048, stack(0x000000b44c200000,0x000000b44c300000)]
  0x000001dfac874800 JavaThread "Unconstrained build operations Thread 76" [_thread_blocked, id=1948, stack(0x000000b44c300000,0x000000b44c400000)]
  0x000001dfac870800 JavaThread "Unconstrained build operations Thread 77" [_thread_blocked, id=14880, stack(0x000000b44c400000,0x000000b44c500000)]
  0x000001dfac873800 JavaThread "Unconstrained build operations Thread 78" [_thread_blocked, id=1424, stack(0x000000b44c500000,0x000000b44c600000)]
  0x000001dfac872000 JavaThread "Unconstrained build operations Thread 79" [_thread_blocked, id=16940, stack(0x000000b44c600000,0x000000b44c700000)]
  0x000001dfac875800 JavaThread "Unconstrained build operations Thread 80" [_thread_blocked, id=8444, stack(0x000000b44c700000,0x000000b44c800000)]
  0x000001dfac876000 JavaThread "jar transforms Thread 4" [_thread_blocked, id=9420, stack(0x000000b44c800000,0x000000b44c900000)]
  0x000001dfac877000 JavaThread "jar transforms Thread 5" [_thread_blocked, id=17396, stack(0x000000b44c900000,0x000000b44ca00000)]
  0x000001dfac871800 JavaThread "jar transforms Thread 6" [_thread_blocked, id=18212, stack(0x000000b44ca00000,0x000000b44cb00000)]
  0x000001dfac878000 JavaThread "jar transforms Thread 7" [_thread_blocked, id=11760, stack(0x000000b44cb00000,0x000000b44cc00000)]
  0x000001dfac878800 JavaThread "jar transforms Thread 8" [_thread_blocked, id=7124, stack(0x000000b44cc00000,0x000000b44cd00000)]
  0x000001dfac873000 JavaThread "Memory manager" [_thread_blocked, id=13468, stack(0x000000b447100000,0x000000b447200000)]

Other Threads:
  0x000001dfa4e76800 VMThread "VM Thread" [stack: 0x000000b444a00000,0x000000b444b00000] [id=18240]
  0x000001dfa59b2800 WatcherThread [stack: 0x000000b445400000,0x000000b445500000] [id=13404]
  0x000001df8aa1d000 GCTaskThread "GC Thread#0" [stack: 0x000000b444500000,0x000000b444600000] [id=15844]
  0x000001dfa672a800 GCTaskThread "GC Thread#1" [stack: 0x000000b445500000,0x000000b445600000] [id=18788]
  0x000001dfa63f9000 GCTaskThread "GC Thread#2" [stack: 0x000000b445600000,0x000000b445700000] [id=7212]
  0x000001dfa7d9a800 GCTaskThread "GC Thread#3" [stack: 0x000000b446200000,0x000000b446300000] [id=8736]
  0x000001dfa5ac8800 GCTaskThread "GC Thread#4" [stack: 0x000000b446300000,0x000000b446400000] [id=2300]
  0x000001dfa5ac9800 GCTaskThread "GC Thread#5" [stack: 0x000000b446400000,0x000000b446500000] [id=3816]
  0x000001dfa6bc4800 GCTaskThread "GC Thread#6" [stack: 0x000000b446500000,0x000000b446600000] [id=5628]
  0x000001dfa6bc5800 GCTaskThread "GC Thread#7" [stack: 0x000000b446600000,0x000000b446700000] [id=10100]
  0x000001df8aa50000 ConcurrentGCThread "G1 Main Marker" [stack: 0x000000b444600000,0x000000b444700000] [id=10600]
  0x000001df8aa51000 ConcurrentGCThread "G1 Conc#0" [stack: 0x000000b444700000,0x000000b444800000] [id=6616]
  0x000001dfa58e1000 ConcurrentGCThread "G1 Conc#1" [stack: 0x000000b446100000,0x000000b446200000] [id=5140]
  0x000001dfa4cc4800 ConcurrentGCThread "G1 Refine#0" [stack: 0x000000b444800000,0x000000b444900000] [id=4220]
  0x000001df8aade800 ConcurrentGCThread "G1 Young RemSet Sampling" [stack: 0x000000b444900000,0x000000b444a00000] [id=9876]

Threads with active compile tasks:
C2 CompilerThread0  18222 6933   !   4       jdk.internal.loader.Resource::getBytes (242 bytes)

VM state:not at safepoint (normal execution)

VM Mutex/Monitor currently owned by a thread: None

Heap address: 0x0000000080000000, size: 2048 MB, Compressed Oops mode: 32-bit
Narrow klass base: 0x0000000000000000, Narrow klass shift: 3
Compressed class space size: 1073741824 Address: 0x0000000100000000

Heap:
 garbage-first heap   total 131072K, used 69650K [0x0000000080000000, 0x0000000100000000)
  region size 1024K, 16 young (16384K), 4 survivors (4096K)
 Metaspace       used 73015K, capacity 74760K, committed 74956K, reserved 1114112K
  class space    used 9456K, capacity 10115K, committed 10188K, reserved 1048576K
Heap Regions: E=young(eden), S=young(survivor), O=old, HS=humongous(starts), HC=humongous(continues), CS=collection set, F=free, A=archive, TAMS=top-at-mark-start (previous, next)
|   0|0x0000000080000000, 0x0000000080100000, 0x0000000080100000|100%| O|  |TAMS 0x0000000080100000, 0x0000000080000000| Untracked 
|   1|0x0000000080100000, 0x0000000080200000, 0x0000000080200000|100%| O|  |TAMS 0x0000000080200000, 0x0000000080100000| Untracked 
|   2|0x0000000080200000, 0x0000000080300000, 0x0000000080300000|100%| O|  |TAMS 0x0000000080300000, 0x0000000080200000| Untracked 
|   3|0x0000000080300000, 0x0000000080400000, 0x0000000080400000|100%|HS|  |TAMS 0x0000000080400000, 0x0000000080300000| Complete 
|   4|0x0000000080400000, 0x0000000080500000, 0x0000000080500000|100%|HC|  |TAMS 0x0000000080500000, 0x0000000080400000| Complete 
|   5|0x0000000080500000, 0x0000000080600000, 0x0000000080600000|100%|HC|  |TAMS 0x0000000080600000, 0x0000000080500000| Complete 
|   6|0x0000000080600000, 0x0000000080700000, 0x0000000080700000|100%| O|  |TAMS 0x0000000080700000, 0x0000000080600000| Untracked 
|   7|0x0000000080700000, 0x0000000080800000, 0x0000000080800000|100%| O|  |TAMS 0x0000000080800000, 0x0000000080700000| Untracked 
|   8|0x0000000080800000, 0x0000000080900000, 0x0000000080900000|100%| O|  |TAMS 0x0000000080900000, 0x0000000080800000| Untracked 
|   9|0x0000000080900000, 0x0000000080a00000, 0x0000000080a00000|100%| O|  |TAMS 0x0000000080a00000, 0x0000000080900000| Untracked 
|  10|0x0000000080a00000, 0x0000000080b00000, 0x0000000080b00000|100%| O|  |TAMS 0x0000000080b00000, 0x0000000080a00000| Untracked 
|  11|0x0000000080b00000, 0x0000000080c00000, 0x0000000080c00000|100%| O|  |TAMS 0x0000000080c00000, 0x0000000080b00000| Untracked 
|  12|0x0000000080c00000, 0x0000000080d00000, 0x0000000080d00000|100%| O|  |TAMS 0x0000000080d00000, 0x0000000080c00000| Untracked 
|  13|0x0000000080d00000, 0x0000000080e00000, 0x0000000080e00000|100%| O|  |TAMS 0x0000000080e00000, 0x0000000080d00000| Untracked 
|  14|0x0000000080e00000, 0x0000000080f00000, 0x0000000080f00000|100%| O|  |TAMS 0x0000000080f00000, 0x0000000080e00000| Untracked 
|  15|0x0000000080f00000, 0x0000000081000000, 0x0000000081000000|100%| O|  |TAMS 0x0000000081000000, 0x0000000080f00000| Untracked 
|  16|0x0000000081000000, 0x0000000081100000, 0x0000000081100000|100%|HS|  |TAMS 0x0000000081100000, 0x0000000081000000| Complete 
|  17|0x0000000081100000, 0x0000000081200000, 0x0000000081200000|100%| O|  |TAMS 0x0000000081200000, 0x0000000081100000| Untracked 
|  18|0x0000000081200000, 0x0000000081300000, 0x0000000081300000|100%| O|  |TAMS 0x0000000081300000, 0x0000000081200000| Untracked 
|  19|0x0000000081300000, 0x0000000081400000, 0x0000000081400000|100%| O|  |TAMS 0x0000000081400000, 0x0000000081300000| Untracked 
|  20|0x0000000081400000, 0x0000000081500000, 0x0000000081500000|100%| O|  |TAMS 0x0000000081500000, 0x0000000081400000| Untracked 
|  21|0x0000000081500000, 0x0000000081600000, 0x0000000081600000|100%| O|  |TAMS 0x0000000081600000, 0x0000000081500000| Untracked 
|  22|0x0000000081600000, 0x0000000081700000, 0x0000000081700000|100%| O|  |TAMS 0x0000000081700000, 0x0000000081600000| Untracked 
|  23|0x0000000081700000, 0x0000000081800000, 0x0000000081800000|100%| O|  |TAMS 0x0000000081800000, 0x0000000081700000| Untracked 
|  24|0x0000000081800000, 0x0000000081900000, 0x0000000081900000|100%| O|  |TAMS 0x0000000081900000, 0x0000000081800000| Untracked 
|  25|0x0000000081900000, 0x0000000081a00000, 0x0000000081a00000|100%| O|  |TAMS 0x0000000081a00000, 0x0000000081900000| Untracked 
|  26|0x0000000081a00000, 0x0000000081b00000, 0x0000000081b00000|100%| O|  |TAMS 0x0000000081b00000, 0x0000000081a00000| Untracked 
|  27|0x0000000081b00000, 0x0000000081c00000, 0x0000000081c00000|100%| O|  |TAMS 0x0000000081c00000, 0x0000000081b00000| Untracked 
|  28|0x0000000081c00000, 0x0000000081d00000, 0x0000000081d00000|100%|HS|  |TAMS 0x0000000081d00000, 0x0000000081c00000| Complete 
|  29|0x0000000081d00000, 0x0000000081e00000, 0x0000000081e00000|100%|HS|  |TAMS 0x0000000081e00000, 0x0000000081d00000| Complete 
|  30|0x0000000081e00000, 0x0000000081f00000, 0x0000000081f00000|100%|HS|  |TAMS 0x0000000081f00000, 0x0000000081e00000| Complete 
|  31|0x0000000081f00000, 0x0000000082000000, 0x0000000082000000|100%|HC|  |TAMS 0x0000000082000000, 0x0000000081f00000| Complete 
|  32|0x0000000082000000, 0x0000000082100000, 0x0000000082100000|100%| O|  |TAMS 0x0000000082100000, 0x0000000082000000| Untracked 
|  33|0x0000000082100000, 0x0000000082200000, 0x0000000082200000|100%| O|  |TAMS 0x0000000082200000, 0x0000000082100000| Untracked 
|  34|0x0000000082200000, 0x0000000082300000, 0x0000000082300000|100%| O|  |TAMS 0x0000000082300000, 0x0000000082200000| Untracked 
|  35|0x0000000082300000, 0x0000000082400000, 0x0000000082400000|100%| O|  |TAMS 0x0000000082400000, 0x0000000082300000| Untracked 
|  36|0x0000000082400000, 0x0000000082500000, 0x0000000082500000|100%| O|  |TAMS 0x0000000082500000, 0x0000000082400000| Untracked 
|  37|0x0000000082500000, 0x0000000082600000, 0x0000000082600000|100%| O|  |TAMS 0x0000000082600000, 0x0000000082500000| Untracked 
|  38|0x0000000082600000, 0x0000000082700000, 0x0000000082700000|100%| O|  |TAMS 0x0000000082700000, 0x0000000082600000| Untracked 
|  39|0x0000000082700000, 0x0000000082800000, 0x0000000082800000|100%| O|  |TAMS 0x0000000082800000, 0x0000000082700000| Untracked 
|  40|0x0000000082800000, 0x0000000082900000, 0x0000000082900000|100%| O|  |TAMS 0x0000000082900000, 0x0000000082800000| Untracked 
|  41|0x0000000082900000, 0x0000000082a00000, 0x0000000082a00000|100%| O|  |TAMS 0x0000000082a00000, 0x0000000082900000| Untracked 
|  42|0x0000000082a00000, 0x0000000082b00000, 0x0000000082b00000|100%| O|  |TAMS 0x0000000082aa0800, 0x0000000082a00000| Untracked 
|  43|0x0000000082b00000, 0x0000000082c00000, 0x0000000082c00000|100%| O|  |TAMS 0x0000000082b00000, 0x0000000082b00000| Untracked 
|  44|0x0000000082c00000, 0x0000000082d00000, 0x0000000082d00000|100%| O|  |TAMS 0x0000000082c00000, 0x0000000082c00000| Untracked 
|  45|0x0000000082d00000, 0x0000000082e00000, 0x0000000082e00000|100%| O|  |TAMS 0x0000000082d00000, 0x0000000082d00000| Untracked 
|  46|0x0000000082e00000, 0x0000000082f00000, 0x0000000082f00000|100%| O|  |TAMS 0x0000000082e00000, 0x0000000082e00000| Untracked 
|  47|0x0000000082f00000, 0x0000000083000000, 0x0000000083000000|100%| O|  |TAMS 0x0000000082f00000, 0x0000000082f00000| Untracked 
|  48|0x0000000083000000, 0x0000000083100000, 0x0000000083100000|100%| O|  |TAMS 0x0000000083000000, 0x0000000083000000| Untracked 
|  49|0x0000000083100000, 0x0000000083200000, 0x0000000083200000|100%| O|  |TAMS 0x0000000083100000, 0x0000000083100000| Untracked 
|  50|0x0000000083200000, 0x0000000083300000, 0x0000000083300000|100%| O|  |TAMS 0x0000000083200000, 0x0000000083200000| Untracked 
|  51|0x0000000083300000, 0x0000000083400000, 0x0000000083400000|100%| O|  |TAMS 0x0000000083300000, 0x0000000083300000| Untracked 
|  52|0x0000000083400000, 0x0000000083500000, 0x0000000083500000|100%| O|  |TAMS 0x0000000083400000, 0x0000000083400000| Untracked 
|  53|0x0000000083500000, 0x000000008359b400, 0x0000000083600000| 60%| O|  |TAMS 0x0000000083500000, 0x0000000083500000| Untracked 
|  54|0x0000000083600000, 0x0000000083600000, 0x0000000083700000|  0%| F|  |TAMS 0x0000000083600000, 0x0000000083600000| Untracked 
|  55|0x0000000083700000, 0x0000000083700000, 0x0000000083800000|  0%| F|  |TAMS 0x0000000083700000, 0x0000000083700000| Untracked 
|  56|0x0000000083800000, 0x0000000083800000, 0x0000000083900000|  0%| F|  |TAMS 0x0000000083800000, 0x0000000083800000| Untracked 
|  57|0x0000000083900000, 0x0000000083900000, 0x0000000083a00000|  0%| F|  |TAMS 0x0000000083900000, 0x0000000083900000| Untracked 
|  58|0x0000000083a00000, 0x0000000083a00000, 0x0000000083b00000|  0%| F|  |TAMS 0x0000000083a00000, 0x0000000083a00000| Untracked 
|  59|0x0000000083b00000, 0x0000000083b00000, 0x0000000083c00000|  0%| F|  |TAMS 0x0000000083b00000, 0x0000000083b00000| Untracked 
|  60|0x0000000083c00000, 0x0000000083c00000, 0x0000000083d00000|  0%| F|  |TAMS 0x0000000083c00000, 0x0000000083c00000| Untracked 
|  61|0x0000000083d00000, 0x0000000083d00000, 0x0000000083e00000|  0%| F|  |TAMS 0x0000000083d00000, 0x0000000083d00000| Untracked 
|  62|0x0000000083e00000, 0x0000000083e00000, 0x0000000083f00000|  0%| F|  |TAMS 0x0000000083e00000, 0x0000000083e00000| Untracked 
|  63|0x0000000083f00000, 0x0000000083f00000, 0x0000000084000000|  0%| F|  |TAMS 0x0000000083f00000, 0x0000000083f00000| Untracked 
|  64|0x0000000084000000, 0x0000000084000000, 0x0000000084100000|  0%| F|  |TAMS 0x0000000084000000, 0x0000000084000000| Untracked 
|  65|0x0000000084100000, 0x0000000084100000, 0x0000000084200000|  0%| F|  |TAMS 0x0000000084100000, 0x0000000084100000| Untracked 
|  66|0x0000000084200000, 0x0000000084200000, 0x0000000084300000|  0%| F|  |TAMS 0x0000000084200000, 0x0000000084200000| Untracked 
|  67|0x0000000084300000, 0x0000000084300000, 0x0000000084400000|  0%| F|  |TAMS 0x0000000084300000, 0x0000000084300000| Untracked 
|  68|0x0000000084400000, 0x0000000084400000, 0x0000000084500000|  0%| F|  |TAMS 0x0000000084400000, 0x0000000084400000| Untracked 
|  69|0x0000000084500000, 0x0000000084500000, 0x0000000084600000|  0%| F|  |TAMS 0x0000000084500000, 0x0000000084500000| Untracked 
|  70|0x0000000084600000, 0x0000000084600000, 0x0000000084700000|  0%| F|  |TAMS 0x0000000084600000, 0x0000000084600000| Untracked 
|  71|0x0000000084700000, 0x0000000084769560, 0x0000000084800000| 41%| S|CS|TAMS 0x0000000084700000, 0x0000000084700000| Complete 
|  72|0x0000000084800000, 0x0000000084800000, 0x0000000084900000|  0%| F|  |TAMS 0x0000000084800000, 0x0000000084800000| Untracked 
|  73|0x0000000084900000, 0x0000000084900000, 0x0000000084a00000|  0%| F|  |TAMS 0x0000000084900000, 0x0000000084900000| Untracked 
|  74|0x0000000084a00000, 0x0000000084a00000, 0x0000000084b00000|  0%| F|  |TAMS 0x0000000084a00000, 0x0000000084a00000| Untracked 
|  75|0x0000000084b00000, 0x0000000084b00000, 0x0000000084c00000|  0%| F|  |TAMS 0x0000000084b00000, 0x0000000084b00000| Untracked 
|  76|0x0000000084c00000, 0x0000000084d00000, 0x0000000084d00000|100%| S|CS|TAMS 0x0000000084c00000, 0x0000000084c00000| Complete 
|  77|0x0000000084d00000, 0x0000000084e00000, 0x0000000084e00000|100%| S|CS|TAMS 0x0000000084d00000, 0x0000000084d00000| Complete 
|  78|0x0000000084e00000, 0x0000000084f00000, 0x0000000084f00000|100%| S|CS|TAMS 0x0000000084e00000, 0x0000000084e00000| Complete 
|  79|0x0000000084f00000, 0x0000000084f00000, 0x0000000085000000|  0%| F|  |TAMS 0x0000000084f00000, 0x0000000084f00000| Untracked 
|  80|0x0000000085000000, 0x0000000085000000, 0x0000000085100000|  0%| F|  |TAMS 0x0000000085000000, 0x0000000085000000| Untracked 
|  81|0x0000000085100000, 0x0000000085100000, 0x0000000085200000|  0%| F|  |TAMS 0x0000000085100000, 0x0000000085100000| Untracked 
|  82|0x0000000085200000, 0x0000000085200000, 0x0000000085300000|  0%| F|  |TAMS 0x0000000085200000, 0x0000000085200000| Untracked 
|  83|0x0000000085300000, 0x0000000085300000, 0x0000000085400000|  0%| F|  |TAMS 0x0000000085300000, 0x0000000085300000| Untracked 
|  84|0x0000000085400000, 0x0000000085400000, 0x0000000085500000|  0%| F|  |TAMS 0x0000000085400000, 0x0000000085400000| Untracked 
|  85|0x0000000085500000, 0x0000000085500000, 0x0000000085600000|  0%| F|  |TAMS 0x0000000085500000, 0x0000000085500000| Untracked 
|  86|0x0000000085600000, 0x0000000085600000, 0x0000000085700000|  0%| F|  |TAMS 0x0000000085600000, 0x0000000085600000| Untracked 
|  87|0x0000000085700000, 0x0000000085700000, 0x0000000085800000|  0%| F|  |TAMS 0x0000000085700000, 0x0000000085700000| Untracked 
|  88|0x0000000085800000, 0x0000000085800000, 0x0000000085900000|  0%| F|  |TAMS 0x0000000085800000, 0x0000000085800000| Untracked 
|  89|0x0000000085900000, 0x0000000085900000, 0x0000000085a00000|  0%| F|  |TAMS 0x0000000085900000, 0x0000000085900000| Untracked 
|  90|0x0000000085a00000, 0x0000000085a00000, 0x0000000085b00000|  0%| F|  |TAMS 0x0000000085a00000, 0x0000000085a00000| Untracked 
|  91|0x0000000085b00000, 0x0000000085b00000, 0x0000000085c00000|  0%| F|  |TAMS 0x0000000085b00000, 0x0000000085b00000| Untracked 
|  92|0x0000000085c00000, 0x0000000085c00000, 0x0000000085d00000|  0%| F|  |TAMS 0x0000000085c00000, 0x0000000085c00000| Untracked 
|  93|0x0000000085d00000, 0x0000000085d00000, 0x0000000085e00000|  0%| F|  |TAMS 0x0000000085d00000, 0x0000000085d00000| Untracked 
|  94|0x0000000085e00000, 0x0000000085e00000, 0x0000000085f00000|  0%| F|  |TAMS 0x0000000085e00000, 0x0000000085e00000| Untracked 
|  95|0x0000000085f00000, 0x0000000085f00000, 0x0000000086000000|  0%| F|  |TAMS 0x0000000085f00000, 0x0000000085f00000| Untracked 
|  96|0x0000000086000000, 0x0000000086000000, 0x0000000086100000|  0%| F|  |TAMS 0x0000000086000000, 0x0000000086000000| Untracked 
|  97|0x0000000086100000, 0x0000000086100000, 0x0000000086200000|  0%| F|  |TAMS 0x0000000086100000, 0x0000000086100000| Untracked 
|  98|0x0000000086200000, 0x0000000086200000, 0x0000000086300000|  0%| F|  |TAMS 0x0000000086200000, 0x0000000086200000| Untracked 
|  99|0x0000000086300000, 0x0000000086300000, 0x0000000086400000|  0%| F|  |TAMS 0x0000000086300000, 0x0000000086300000| Untracked 
| 100|0x0000000086400000, 0x0000000086400000, 0x0000000086500000|  0%| F|  |TAMS 0x0000000086400000, 0x0000000086400000| Untracked 
| 101|0x0000000086500000, 0x0000000086500000, 0x0000000086600000|  0%| F|  |TAMS 0x0000000086500000, 0x0000000086500000| Untracked 
| 102|0x0000000086600000, 0x0000000086600000, 0x0000000086700000|  0%| F|  |TAMS 0x0000000086600000, 0x0000000086600000| Untracked 
| 103|0x0000000086700000, 0x0000000086700000, 0x0000000086800000|  0%| F|  |TAMS 0x0000000086700000, 0x0000000086700000| Untracked 
| 104|0x0000000086800000, 0x0000000086800000, 0x0000000086900000|  0%| F|  |TAMS 0x0000000086800000, 0x0000000086800000| Untracked 
| 105|0x0000000086900000, 0x0000000086900000, 0x0000000086a00000|  0%| F|  |TAMS 0x0000000086900000, 0x0000000086900000| Untracked 
| 106|0x0000000086a00000, 0x0000000086a00000, 0x0000000086b00000|  0%| F|  |TAMS 0x0000000086a00000, 0x0000000086a00000| Untracked 
| 107|0x0000000086b00000, 0x0000000086b00000, 0x0000000086c00000|  0%| F|  |TAMS 0x0000000086b00000, 0x0000000086b00000| Untracked 
| 108|0x0000000086c00000, 0x0000000086c00000, 0x0000000086d00000|  0%| F|  |TAMS 0x0000000086c00000, 0x0000000086c00000| Untracked 
| 109|0x0000000086d00000, 0x0000000086d00000, 0x0000000086e00000|  0%| F|  |TAMS 0x0000000086d00000, 0x0000000086d00000| Untracked 
| 110|0x0000000086e00000, 0x0000000086e00000, 0x0000000086f00000|  0%| F|  |TAMS 0x0000000086e00000, 0x0000000086e00000| Untracked 
| 111|0x0000000086f00000, 0x0000000086f00000, 0x0000000087000000|  0%| F|  |TAMS 0x0000000086f00000, 0x0000000086f00000| Untracked 
| 112|0x0000000087000000, 0x0000000087000000, 0x0000000087100000|  0%| F|  |TAMS 0x0000000087000000, 0x0000000087000000| Untracked 
| 113|0x0000000087100000, 0x0000000087100000, 0x0000000087200000|  0%| F|  |TAMS 0x0000000087100000, 0x0000000087100000| Untracked 
| 114|0x0000000087200000, 0x0000000087200000, 0x0000000087300000|  0%| F|  |TAMS 0x0000000087200000, 0x0000000087200000| Untracked 
| 115|0x0000000087300000, 0x0000000087300000, 0x0000000087400000|  0%| F|  |TAMS 0x0000000087300000, 0x0000000087300000| Untracked 
| 116|0x0000000087400000, 0x00000000874820e8, 0x0000000087500000| 50%| E|  |TAMS 0x0000000087400000, 0x0000000087400000| Complete 
| 117|0x0000000087500000, 0x0000000087600000, 0x0000000087600000|100%| E|CS|TAMS 0x0000000087500000, 0x0000000087500000| Complete 
| 118|0x0000000087600000, 0x0000000087700000, 0x0000000087700000|100%| E|CS|TAMS 0x0000000087600000, 0x0000000087600000| Complete 
| 119|0x0000000087700000, 0x0000000087800000, 0x0000000087800000|100%| E|CS|TAMS 0x0000000087700000, 0x0000000087700000| Complete 
| 120|0x0000000087800000, 0x0000000087900000, 0x0000000087900000|100%| E|CS|TAMS 0x0000000087800000, 0x0000000087800000| Complete 
| 121|0x0000000087900000, 0x0000000087a00000, 0x0000000087a00000|100%| E|CS|TAMS 0x0000000087900000, 0x0000000087900000| Complete 
| 122|0x0000000087a00000, 0x0000000087b00000, 0x0000000087b00000|100%| E|CS|TAMS 0x0000000087a00000, 0x0000000087a00000| Complete 
| 123|0x0000000087b00000, 0x0000000087c00000, 0x0000000087c00000|100%| E|CS|TAMS 0x0000000087b00000, 0x0000000087b00000| Complete 
| 124|0x0000000087c00000, 0x0000000087d00000, 0x0000000087d00000|100%| E|CS|TAMS 0x0000000087c00000, 0x0000000087c00000| Complete 
| 125|0x0000000087d00000, 0x0000000087e00000, 0x0000000087e00000|100%| E|CS|TAMS 0x0000000087d00000, 0x0000000087d00000| Complete 
| 126|0x0000000087e00000, 0x0000000087f00000, 0x0000000087f00000|100%| E|CS|TAMS 0x0000000087e00000, 0x0000000087e00000| Complete 
| 127|0x0000000087f00000, 0x0000000088000000, 0x0000000088000000|100%| E|CS|TAMS 0x0000000087f00000, 0x0000000087f00000| Complete 

Card table byte_map: [0x000001df9dc30000,0x000001df9e030000] _byte_map_base: 0x000001df9d830000

Marking Bits (Prev, Next): (CMBitMap*) 0x000001df8aa46f48, (CMBitMap*) 0x000001df8aa46f80
 Prev Bits: [0x000001df9e430000, 0x000001dfa0430000)
 Next Bits: [0x000001dfa0430000, 0x000001dfa2430000)

Polling page: 0x000001df8a1e0000

Metaspace:

Usage:
  Non-class:     63.13 MB capacity,    62.09 MB ( 98%) used,   883.97 KB (  1%) free+waste,   180.25 KB ( <1%) overhead. 
      Class:      9.88 MB capacity,     9.24 MB ( 94%) used,   570.93 KB (  6%) free+waste,    84.00 KB ( <1%) overhead. 
       Both:     73.01 MB capacity,    71.33 MB ( 98%) used,     1.42 MB (  2%) free+waste,   264.25 KB ( <1%) overhead. 

Virtual space:
  Non-class space:       64.00 MB reserved,      63.25 MB ( 99%) committed 
      Class space:        1.00 GB reserved,       9.95 MB ( <1%) committed 
             Both:        1.06 GB reserved,      73.20 MB (  7%) committed 

Chunk freelists:
   Non-Class:  57.00 KB
       Class:  28.00 KB
        Both:  85.00 KB

MaxMetaspaceSize: 17179869184.00 GB
CompressedClassSpaceSize: 1.00 GB

CodeHeap 'non-profiled nmethods': size=120000Kb used=3377Kb max_used=3377Kb free=116622Kb
 bounds [0x000001df95fd0000, 0x000001df96320000, 0x000001df9d500000]
CodeHeap 'profiled nmethods': size=120000Kb used=14301Kb max_used=14301Kb free=105698Kb
 bounds [0x000001df8eaa0000, 0x000001df8f8a0000, 0x000001df95fd0000]
CodeHeap 'non-nmethods': size=5760Kb used=2267Kb max_used=2301Kb free=3492Kb
 bounds [0x000001df8e500000, 0x000001df8e770000, 0x000001df8eaa0000]
 total_blobs=7788 nmethods=6926 adapters=773
 compilation: enabled
              stopped_count=0, restarted_count=0
 full_count=0

Compilation events (20 events):
Event: 18.127 Thread 0x000001dfa4e94000 7007       2       java.util.HashMap::getNode (148 bytes)
Event: 18.128 Thread 0x000001dfa4e94000 nmethod 7007 0x000001df8f886890 code [0x000001df8f886a80, 0x000001df8f886ea8]
Event: 18.131 Thread 0x000001dfa4e94000 7008       2       org.gradle.api.internal.file.AbstractFileCollection::<init> (10 bytes)
Event: 18.132 Thread 0x000001dfa4e94000 nmethod 7008 0x000001df8f887110 code [0x000001df8f8872c0, 0x000001df8f8873f8]
Event: 18.146 Thread 0x000001dfa4e94000 7009       3       java.io.WinNTFileSystem::normalize (143 bytes)
Event: 18.147 Thread 0x000001dfa4e94000 nmethod 7009 0x000001df8f887490 code [0x000001df8f887720, 0x000001df8f8882b8]
Event: 18.147 Thread 0x000001dfa4e94000 7010       2       java.util.HashMap::resize (356 bytes)
Event: 18.149 Thread 0x000001dfa4e94000 nmethod 7010 0x000001df8f888790 code [0x000001df8f8889e0, 0x000001df8f889448]
Event: 18.157 Thread 0x000001dfa4e94000 7011       2       com.android.build.api.artifact.impl.StorageProviderImpl$directory$1::invoke (9 bytes)
Event: 18.157 Thread 0x000001dfa4e94000 nmethod 7011 0x000001df8f889890 code [0x000001df8f889aa0, 0x000001df8f889e38]
Event: 18.157 Thread 0x000001dfa4e94000 7013       2       org.gradle.api.internal.attributes.DefaultImmutableAttributes::<init> (214 bytes)
Event: 18.158 Thread 0x000001dfa4e94000 nmethod 7013 0x000001df8f88a090 code [0x000001df8f88a320, 0x000001df8f88ad58]
Event: 18.158 Thread 0x000001dfa4e94000 7014       2       java.util.ArrayDeque::dec (13 bytes)
Event: 18.159 Thread 0x000001dfa4e94000 nmethod 7014 0x000001df8f88b210 code [0x000001df8f88b3c0, 0x000001df8f88b4b8]
Event: 18.159 Thread 0x000001dfa4e94000 7012       2       com.android.build.api.artifact.impl.StorageProviderImpl$directory$1::invoke (24 bytes)
Event: 18.159 Thread 0x000001dfa4e94000 nmethod 7012 0x000001df8f88b590 code [0x000001df8f88b7a0, 0x000001df8f88bad8]
Event: 18.159 Thread 0x000001dfa4e94000 7015       2       java.util.ArrayDeque::getFirst (26 bytes)
Event: 18.159 Thread 0x000001dfa4e94000 nmethod 7015 0x000001df8f88bd10 code [0x000001df8f88bee0, 0x000001df8f88c0c8]
Event: 18.160 Thread 0x000001dfa4e94000 7016       2       org.gradle.internal.reflect.MutableClassDetails::<init> (65 bytes)
Event: 18.160 Thread 0x000001dfa4e94000 nmethod 7016 0x000001df8f88c210 code [0x000001df8f88c440, 0x000001df8f88cc08]

GC Heap History (20 events):
Event: 7.514 GC heap before
{Heap before GC invocations=5 (full 0):
 garbage-first heap   total 131072K, used 71296K [0x0000000080000000, 0x0000000100000000)
  region size 1024K, 55 young (56320K), 2 survivors (2048K)
 Metaspace       used 26220K, capacity 26860K, committed 27008K, reserved 1073152K
  class space    used 3433K, capacity 3649K, committed 3712K, reserved 1048576K
}
Event: 7.518 GC heap after
{Heap after GC invocations=6 (full 0):
 garbage-first heap   total 131072K, used 19004K [0x0000000080000000, 0x0000000100000000)
  region size 1024K, 4 young (4096K), 4 survivors (4096K)
 Metaspace       used 26220K, capacity 26860K, committed 27008K, reserved 1073152K
  class space    used 3433K, capacity 3649K, committed 3712K, reserved 1048576K
}
Event: 8.726 GC heap before
{Heap before GC invocations=6 (full 0):
 garbage-first heap   total 131072K, used 76348K [0x0000000080000000, 0x0000000100000000)
  region size 1024K, 61 young (62464K), 4 survivors (4096K)
 Metaspace       used 35023K, capacity 35786K, committed 35840K, reserved 1081344K
  class space    used 4557K, capacity 4863K, committed 4864K, reserved 1048576K
}
Event: 8.739 GC heap after
{Heap after GC invocations=7 (full 0):
 garbage-first heap   total 131072K, used 22581K [0x0000000080000000, 0x0000000100000000)
  region size 1024K, 7 young (7168K), 7 survivors (7168K)
 Metaspace       used 35023K, capacity 35786K, committed 35840K, reserved 1081344K
  class space    used 4557K, capacity 4863K, committed 4864K, reserved 1048576K
}
Event: 9.676 GC heap before
{Heap before GC invocations=8 (full 0):
 garbage-first heap   total 131072K, used 95285K [0x0000000080000000, 0x0000000100000000)
  region size 1024K, 76 young (77824K), 7 survivors (7168K)
 Metaspace       used 40230K, capacity 41212K, committed 41420K, reserved 1085440K
  class space    used 5152K, capacity 5472K, committed 5580K, reserved 1048576K
}
Event: 9.690 GC heap after
{Heap after GC invocations=9 (full 0):
 garbage-first heap   total 131072K, used 27900K [0x0000000080000000, 0x0000000100000000)
  region size 1024K, 9 young (9216K), 9 survivors (9216K)
 Metaspace       used 40230K, capacity 41212K, committed 41420K, reserved 1085440K
  class space    used 5152K, capacity 5472K, committed 5580K, reserved 1048576K
}
Event: 10.715 GC heap before
{Heap before GC invocations=9 (full 0):
 garbage-first heap   total 131072K, used 93436K [0x0000000080000000, 0x0000000100000000)
  region size 1024K, 73 young (74752K), 9 survivors (9216K)
 Metaspace       used 45989K, capacity 46984K, committed 47052K, reserved 1089536K
  class space    used 5914K, capacity 6300K, committed 6348K, reserved 1048576K
}
Event: 10.727 GC heap after
{Heap after GC invocations=10 (full 0):
 garbage-first heap   total 131072K, used 29764K [0x0000000080000000, 0x0000000100000000)
  region size 1024K, 3 young (3072K), 3 survivors (3072K)
 Metaspace       used 45989K, capacity 46984K, committed 47052K, reserved 1089536K
  class space    used 5914K, capacity 6300K, committed 6348K, reserved 1048576K
}
Event: 13.288 GC heap before
{Heap before GC invocations=10 (full 0):
 garbage-first heap   total 131072K, used 101444K [0x0000000080000000, 0x0000000100000000)
  region size 1024K, 69 young (70656K), 3 survivors (3072K)
 Metaspace       used 48660K, capacity 49880K, committed 49996K, reserved 1093632K
  class space    used 6217K, capacity 6695K, committed 6732K, reserved 1048576K
}
Event: 13.297 GC heap after
{Heap after GC invocations=11 (full 0):
 garbage-first heap   total 131072K, used 43502K [0x0000000080000000, 0x0000000100000000)
  region size 1024K, 9 young (9216K), 9 survivors (9216K)
 Metaspace       used 48660K, capacity 49880K, committed 49996K, reserved 1093632K
  class space    used 6217K, capacity 6695K, committed 6732K, reserved 1048576K
}
Event: 14.295 GC heap before
{Heap before GC invocations=11 (full 0):
 garbage-first heap   total 131072K, used 98798K [0x0000000080000000, 0x0000000100000000)
  region size 1024K, 63 young (64512K), 9 survivors (9216K)
 Metaspace       used 56603K, capacity 57897K, committed 58188K, reserved 1099776K
  class space    used 7155K, capacity 7640K, committed 7756K, reserved 1048576K
}
Event: 14.305 GC heap after
{Heap after GC invocations=12 (full 0):
 garbage-first heap   total 131072K, used 45829K [0x0000000080000000, 0x0000000100000000)
  region size 1024K, 3 young (3072K), 3 survivors (3072K)
 Metaspace       used 56603K, capacity 57897K, committed 58188K, reserved 1099776K
  class space    used 7155K, capacity 7640K, committed 7756K, reserved 1048576K
}
Event: 14.597 GC heap before
{Heap before GC invocations=12 (full 0):
 garbage-first heap   total 131072K, used 61189K [0x0000000080000000, 0x0000000100000000)
  region size 1024K, 19 young (19456K), 3 survivors (3072K)
 Metaspace       used 58808K, capacity 60199K, committed 60236K, reserved 1101824K
  class space    used 7437K, capacity 7997K, committed 8012K, reserved 1048576K
}
Event: 14.603 GC heap after
{Heap after GC invocations=13 (full 0):
 garbage-first heap   total 131072K, used 46267K [0x0000000080000000, 0x0000000100000000)
  region size 1024K, 3 young (3072K), 3 survivors (3072K)
 Metaspace       used 58808K, capacity 60199K, committed 60236K, reserved 1101824K
  class space    used 7437K, capacity 7997K, committed 8012K, reserved 1048576K
}
Event: 15.625 GC heap before
{Heap before GC invocations=14 (full 0):
 garbage-first heap   total 131072K, used 101563K [0x0000000080000000, 0x0000000100000000)
  region size 1024K, 58 young (59392K), 3 survivors (3072K)
 Metaspace       used 64622K, capacity 66082K, committed 66380K, reserved 1107968K
  class space    used 8170K, capacity 8737K, committed 8780K, reserved 1048576K
}
Event: 15.637 GC heap after
{Heap after GC invocations=15 (full 0):
 garbage-first heap   total 131072K, used 50781K [0x0000000080000000, 0x0000000100000000)
  region size 1024K, 7 young (7168K), 7 survivors (7168K)
 Metaspace       used 64622K, capacity 66082K, committed 66380K, reserved 1107968K
  class space    used 8170K, capacity 8737K, committed 8780K, reserved 1048576K
}
Event: 16.751 GC heap before
{Heap before GC invocations=16 (full 0):
 garbage-first heap   total 131072K, used 104029K [0x0000000080000000, 0x0000000100000000)
  region size 1024K, 59 young (60416K), 7 survivors (7168K)
 Metaspace       used 66890K, capacity 68424K, committed 68556K, reserved 1107968K
  class space    used 8459K, capacity 9042K, committed 9164K, reserved 1048576K
}
Event: 16.763 GC heap after
{Heap after GC invocations=17 (full 0):
 garbage-first heap   total 131072K, used 54610K [0x0000000080000000, 0x0000000100000000)
  region size 1024K, 4 young (4096K), 4 survivors (4096K)
 Metaspace       used 66890K, capacity 68424K, committed 68556K, reserved 1107968K
  class space    used 8459K, capacity 9042K, committed 9164K, reserved 1048576K
}
Event: 18.018 GC heap before
{Heap before GC invocations=17 (full 0):
 garbage-first heap   total 131072K, used 104786K [0x0000000080000000, 0x0000000100000000)
  region size 1024K, 53 young (54272K), 4 survivors (4096K)
 Metaspace       used 72238K, capacity 73860K, committed 74060K, reserved 1114112K
  class space    used 9346K, capacity 9970K, committed 10060K, reserved 1048576K
}
Event: 18.031 GC heap after
{Heap after GC invocations=18 (full 0):
 garbage-first heap   total 131072K, used 58386K [0x0000000080000000, 0x0000000100000000)
  region size 1024K, 4 young (4096K), 4 survivors (4096K)
 Metaspace       used 72238K, capacity 73860K, committed 74060K, reserved 1114112K
  class space    used 9346K, capacity 9970K, committed 10060K, reserved 1048576K
}

Deoptimization events (20 events):
Event: 17.990 Thread 0x000001dfa67c5000 Uncommon trap: trap_request=0xffffff4d fr.pc=0x000001df961ca86c relative=0x000000000000152c
Event: 17.990 Thread 0x000001dfa67c5000 Uncommon trap: reason=unstable_if action=reinterpret pc=0x000001df961ca86c method=java.io.WinNTFileSystem.normalize(Ljava/lang/String;II)Ljava/lang/String; @ 100 c2
Event: 17.990 Thread 0x000001dfa67c5000 DEOPT PACKING pc=0x000001df961ca86c sp=0x000000b445df9590
Event: 17.990 Thread 0x000001dfa67c5000 DEOPT UNPACKING pc=0x000001df8e52662f sp=0x000000b445df9588 mode 2
Event: 17.993 Thread 0x000001dfa67c5000 Uncommon trap: trap_request=0xffffffde fr.pc=0x000001df962ea2c0 relative=0x0000000000002ba0
Event: 17.993 Thread 0x000001dfa67c5000 Uncommon trap: reason=class_check action=maybe_recompile pc=0x000001df962ea2c0 method=java.util.TreeMap.put(Ljava/lang/Object;Ljava/lang/Object;)Ljava/lang/Object; @ 127 c2
Event: 17.993 Thread 0x000001dfa67c5000 DEOPT PACKING pc=0x000001df962ea2c0 sp=0x000000b445dfae40
Event: 17.993 Thread 0x000001dfa67c5000 DEOPT UNPACKING pc=0x000001df8e52662f sp=0x000000b445dfadf0 mode 2
Event: 18.125 Thread 0x000001dfa67c5000 Uncommon trap: trap_request=0xffffff4d fr.pc=0x000001df9603461c relative=0x000000000000099c
Event: 18.125 Thread 0x000001dfa67c5000 Uncommon trap: reason=unstable_if action=reinterpret pc=0x000001df9603461c method=java.util.HashMap.resize()[Ljava/util/HashMap$Node; @ 203 c2
Event: 18.125 Thread 0x000001dfa67c5000 DEOPT PACKING pc=0x000001df9603461c sp=0x000000b445df8f60
Event: 18.125 Thread 0x000001dfa67c5000 DEOPT UNPACKING pc=0x000001df8e52662f sp=0x000000b445df8f00 mode 2
Event: 18.126 Thread 0x000001dfa67c5000 Uncommon trap: trap_request=0xffffff4d fr.pc=0x000001df962cf004 relative=0x00000000000002c4
Event: 18.126 Thread 0x000001dfa67c5000 Uncommon trap: reason=unstable_if action=reinterpret pc=0x000001df962cf004 method=java.util.HashMap.getNode(ILjava/lang/Object;)Ljava/util/HashMap$Node; @ 84 c2
Event: 18.126 Thread 0x000001dfa67c5000 DEOPT PACKING pc=0x000001df962cf004 sp=0x000000b445df9030
Event: 18.126 Thread 0x000001dfa67c5000 DEOPT UNPACKING pc=0x000001df8e52662f sp=0x000000b445df8f40 mode 2
Event: 18.126 Thread 0x000001dfa67c5000 Uncommon trap: trap_request=0xffffff4d fr.pc=0x000001df962b7ae4 relative=0x00000000000001a4
Event: 18.126 Thread 0x000001dfa67c5000 Uncommon trap: reason=unstable_if action=reinterpret pc=0x000001df962b7ae4 method=java.util.HashMap.getNode(ILjava/lang/Object;)Ljava/util/HashMap$Node; @ 84 c2
Event: 18.126 Thread 0x000001dfa67c5000 DEOPT PACKING pc=0x000001df962b7ae4 sp=0x000000b445df8fa0
Event: 18.126 Thread 0x000001dfa67c5000 DEOPT UNPACKING pc=0x000001df8e52662f sp=0x000000b445df8f28 mode 2

Classes redefined (0 events):
No events

Internal exceptions (20 events):
Event: 16.533 Thread 0x000001dfa67c5000 Exception <a 'java/lang/ClassNotFoundException'{0x000000008587a8d0}: org/gradle/api/JavaVersionBeanInfo> (0x000000008587a8d0) thrown at [./src/hotspot/share/classfile/systemDictionary.cpp, line 231]
Event: 16.534 Thread 0x000001dfa67c5000 Exception <a 'java/lang/ClassNotFoundException'{0x00000000858a5880}: org/gradle/api/JavaVersionCustomizer> (0x00000000858a5880) thrown at [./src/hotspot/share/classfile/systemDictionary.cpp, line 231]
Event: 16.537 Thread 0x000001dfa67c5000 Exception <a 'java/lang/ClassNotFoundException'{0x000000008570d618}: com/android/build/gradle/internal/CompileOptions$AgpDecorated_DecoratedBeanInfo> (0x000000008570d618) thrown at [./src/hotspot/share/classfile/systemDictionary.cpp, line 231]
Event: 16.538 Thread 0x000001dfa67c5000 Exception <a 'java/lang/ClassNotFoundException'{0x0000000085728820}: com/android/build/gradle/internal/CompileOptions$AgpDecoratedBeanInfo> (0x0000000085728820) thrown at [./src/hotspot/share/classfile/systemDictionary.cpp, line 231]
Event: 16.538 Thread 0x000001dfa67c5000 Exception <a 'java/lang/ClassNotFoundException'{0x0000000085741bd8}: com/android/build/gradle/internal/CompileOptionsBeanInfo> (0x0000000085741bd8) thrown at [./src/hotspot/share/classfile/systemDictionary.cpp, line 231]
Event: 16.539 Thread 0x000001dfa67c5000 Exception <a 'java/lang/ClassNotFoundException'{0x000000008575b2d8}: com/android/build/gradle/internal/CompileOptionsCustomizer> (0x000000008575b2d8) thrown at [./src/hotspot/share/classfile/systemDictionary.cpp, line 231]
Event: 16.540 Thread 0x000001dfa67c5000 Exception <a 'java/lang/ClassNotFoundException'{0x0000000085782928}: com/android/build/gradle/internal/CompileOptions$AgpDecoratedCustomizer> (0x0000000085782928) thrown at [./src/hotspot/share/classfile/systemDictionary.cpp, line 231]
Event: 16.540 Thread 0x000001dfa67c5000 Exception <a 'java/lang/ClassNotFoundException'{0x00000000857ad548}: com/android/build/gradle/internal/CompileOptions$AgpDecorated_DecoratedCustomizer> (0x00000000857ad548) thrown at [./src/hotspot/share/classfile/systemDictionary.cpp, line 231]
Event: 16.548 Thread 0x000001dfa67c5000 Exception <a 'java/lang/ClassNotFoundException'{0x000000008566b518}: org/gradle/api/internal/artifacts/dsl/dependencies/DefaultDependencyHandler_DecoratedBeanInfo> (0x000000008566b518) thrown at [./src/hotspot/share/classfile/systemDictionary.cpp, line 231]
Event: 16.549 Thread 0x000001dfa67c5000 Exception <a 'java/lang/ClassNotFoundException'{0x00000000856b3e78}: org/gradle/api/internal/artifacts/dsl/dependencies/DefaultDependencyHandlerBeanInfo> (0x00000000856b3e78) thrown at [./src/hotspot/share/classfile/systemDictionary.cpp, line 231]
Event: 16.550 Thread 0x000001dfa67c5000 Exception <a 'java/lang/ClassNotFoundException'{0x00000000856fc208}: org/gradle/api/internal/artifacts/dsl/dependencies/DefaultDependencyHandlerCustomizer> (0x00000000856fc208) thrown at [./src/hotspot/share/classfile/systemDictionary.cpp, line 231]
Event: 16.554 Thread 0x000001dfa67c5000 Exception <a 'java/lang/ClassNotFoundException'{0x000000008556e130}: org/gradle/api/internal/artifacts/dsl/dependencies/DefaultDependencyHandler_DecoratedCustomizer> (0x000000008556e130) thrown at [./src/hotspot/share/classfile/systemDictionary.cpp, line 231]
Event: 16.944 Thread 0x000001dfa67c5000 Implicit null exception at 0x000001df962abc43 to 0x000001df962abe38
Event: 17.792 Thread 0x000001dfa67c5000 Exception <a 'java/lang/ClassNotFoundException'{0x0000000085a78900}: com/android/build/gradle/internal/api/ApkVariantOutputImpl_DecoratedBeanInfo> (0x0000000085a78900) thrown at [./src/hotspot/share/classfile/systemDictionary.cpp, line 231]
Event: 17.792 Thread 0x000001dfa67c5000 Exception <a 'java/lang/ClassNotFoundException'{0x0000000085a933c8}: com/android/build/gradle/internal/api/ApkVariantOutputImplBeanInfo> (0x0000000085a933c8) thrown at [./src/hotspot/share/classfile/systemDictionary.cpp, line 231]
Event: 17.793 Thread 0x000001dfa67c5000 Exception <a 'java/lang/ClassNotFoundException'{0x0000000085aae438}: com/android/build/gradle/internal/api/BaseVariantOutputImplBeanInfo> (0x0000000085aae438) thrown at [./src/hotspot/share/classfile/systemDictionary.cpp, line 231]
Event: 17.793 Thread 0x000001dfa67c5000 Exception <a 'java/lang/ClassNotFoundException'{0x0000000085ac9510}: com/android/build/gradle/internal/api/BaseVariantOutputImplCustomizer> (0x0000000085ac9510) thrown at [./src/hotspot/share/classfile/systemDictionary.cpp, line 231]
Event: 17.794 Thread 0x000001dfa67c5000 Exception <a 'java/lang/ClassNotFoundException'{0x0000000085af6c80}: com/android/build/gradle/internal/api/ApkVariantOutputImplCustomizer> (0x0000000085af6c80) thrown at [./src/hotspot/share/classfile/systemDictionary.cpp, line 231]
Event: 17.795 Thread 0x000001dfa67c5000 Exception <a 'java/lang/ClassNotFoundException'{0x0000000085920db0}: com/android/build/gradle/internal/api/ApkVariantOutputImpl_DecoratedCustomizer> (0x0000000085920db0) thrown at [./src/hotspot/share/classfile/systemDictionary.cpp, line 231]
Event: 17.808 Thread 0x000001dfa67c5000 Exception <a 'java/lang/NoClassDefFoundError'{0x000000008588f2e0}: org/jetbrains/kotlin/gradle/plugin/KotlinBasePluginWrapper> (0x000000008588f2e0) thrown at [./src/hotspot/share/classfile/systemDictionary.cpp, line 220]

Events (20 events):
Event: 18.164 loading class com/android/build/gradle/internal/tasks/ValidateSigningTask$CreationAction$configure$1
Event: 18.164 loading class com/android/build/gradle/internal/tasks/ValidateSigningTask$CreationAction$configure$1 done
Event: 18.164 loading class com/android/build/gradle/internal/tasks/ValidateSigningTask$CreationAction$configure$2
Event: 18.164 loading class com/android/build/gradle/internal/tasks/ValidateSigningTask$CreationAction$configure$2 done
Event: 18.165 loading class org/gradle/api/internal/TaskOutputsInternal
Event: 18.165 loading class org/gradle/api/internal/TaskOutputsInternal done
Event: 18.165 loading class org/gradle/api/specs/Spec
Event: 18.165 loading class org/gradle/api/specs/Spec done
Event: 18.165 loading class org/gradle/api/internal/tasks/DefaultTaskOutputs
Event: 18.165 loading class org/gradle/api/internal/tasks/DefaultTaskOutputs done
Event: 18.165 loading class com/android/build/gradle/internal/scope/InternalArtifactType$DATA_BINDING_TRIGGER
Event: 18.165 loading class com/android/build/gradle/internal/scope/InternalArtifactType$DATA_BINDING_TRIGGER done
Event: 18.165 loading class com/android/build/gradle/internal/scope/InternalArtifactType$DATA_BINDING_EXPORT_CLASS_LIST
Event: 18.165 loading class com/android/build/gradle/internal/scope/InternalArtifactType$DATA_BINDING_EXPORT_CLASS_LIST done
Event: 18.166 loading class com/android/build/gradle/internal/scope/InternalArtifactType$DATA_BINDING_DEPENDENCY_ARTIFACTS
Event: 18.166 loading class com/android/build/gradle/internal/scope/InternalArtifactType$DATA_BINDING_DEPENDENCY_ARTIFACTS done
Event: 18.166 loading class com/android/build/gradle/internal/scope/InternalArtifactType$DATA_BINDING_BASE_CLASS_LOGS_DEPENDENCY_ARTIFACTS
Event: 18.166 loading class com/android/build/gradle/internal/scope/InternalArtifactType$DATA_BINDING_BASE_CLASS_LOGS_DEPENDENCY_ARTIFACTS done
Event: 18.166 loading class com/android/build/gradle/internal/scope/InternalArtifactType$ANNOTATIONS_ZIP
Event: 18.166 loading class com/android/build/gradle/internal/scope/InternalArtifactType$ANNOTATIONS_ZIP done


Dynamic libraries:
0x00007ff6a0490000 - 0x00007ff6a049a000 	C:\Program Files\Android\Android Studio\jre\bin\java.exe
0x00007ff998eb0000 - 0x00007ff9990a8000 	C:\WINDOWS\SYSTEM32\ntdll.dll
0x00007ff96cbc0000 - 0x00007ff96cbd9000 	C:\Program Files\Avast Software\Avast\aswhook.dll
0x00007ff997d00000 - 0x00007ff997dbf000 	C:\WINDOWS\System32\KERNEL32.DLL
0x00007ff996a20000 - 0x00007ff996d16000 	C:\WINDOWS\System32\KERNELBASE.dll
0x00007ff996e10000 - 0x00007ff996f10000 	C:\WINDOWS\System32\ucrtbase.dll
0x00007ff98fd80000 - 0x00007ff98fd99000 	C:\Program Files\Android\Android Studio\jre\bin\jli.dll
0x00007ff98bfe0000 - 0x00007ff98bff7000 	C:\Program Files\Android\Android Studio\jre\bin\VCRUNTIME140.dll
0x00007ff9986a0000 - 0x00007ff99883d000 	C:\WINDOWS\System32\USER32.dll
0x00007ff996de0000 - 0x00007ff996e02000 	C:\WINDOWS\System32\win32u.dll
0x00007ff96e990000 - 0x00007ff96ec2a000 	C:\WINDOWS\WinSxS\amd64_microsoft.windows.common-controls_6595b64144ccf1df_6.0.19041.1110_none_60b5254171f9507e\COMCTL32.dll
0x00007ff998cb0000 - 0x00007ff998cdc000 	C:\WINDOWS\System32\GDI32.dll
0x00007ff9989d0000 - 0x00007ff998a6e000 	C:\WINDOWS\System32\msvcrt.dll
0x00007ff9967c0000 - 0x00007ff9968d5000 	C:\WINDOWS\System32\gdi32full.dll
0x00007ff996720000 - 0x00007ff9967bd000 	C:\WINDOWS\System32\msvcp_win.dll
0x00007ff998660000 - 0x00007ff998690000 	C:\WINDOWS\System32\IMM32.DLL
0x00007ff975560000 - 0x00007ff9755fd000 	C:\Program Files\Android\Android Studio\jre\bin\msvcp140.dll
0x00007ff959e00000 - 0x00007ff95a8d5000 	C:\Program Files\Android\Android Studio\jre\bin\server\jvm.dll
0x00007ff998920000 - 0x00007ff9989cf000 	C:\WINDOWS\System32\ADVAPI32.dll
0x00007ff996fc0000 - 0x00007ff99705c000 	C:\WINDOWS\System32\sechost.dll
0x00007ff998d40000 - 0x00007ff998e66000 	C:\WINDOWS\System32\RPCRT4.dll
0x00007ff997440000 - 0x00007ff997448000 	C:\WINDOWS\System32\PSAPI.DLL
0x00007ff97fff0000 - 0x00007ff97fff9000 	C:\WINDOWS\SYSTEM32\WSOCK32.dll
0x00007ff96bf20000 - 0x00007ff96bf47000 	C:\WINDOWS\SYSTEM32\WINMM.dll
0x00007ff98ede0000 - 0x00007ff98edea000 	C:\WINDOWS\SYSTEM32\VERSION.dll
0x00007ff998590000 - 0x00007ff9985fb000 	C:\WINDOWS\System32\WS2_32.dll
0x00007ff994450000 - 0x00007ff994462000 	C:\WINDOWS\SYSTEM32\kernel.appcore.dll
0x00007ff990c30000 - 0x00007ff990c41000 	C:\Program Files\Android\Android Studio\jre\bin\verify.dll
0x00007ff98e980000 - 0x00007ff98eb64000 	C:\WINDOWS\SYSTEM32\DBGHELP.DLL
0x00007ff98e870000 - 0x00007ff98e8a4000 	C:\WINDOWS\SYSTEM32\dbgcore.DLL
0x00007ff9968e0000 - 0x00007ff996962000 	C:\WINDOWS\System32\bcryptPrimitives.dll
0x00007ff98ec20000 - 0x00007ff98ec49000 	C:\Program Files\Android\Android Studio\jre\bin\java.dll
0x00007ff990e20000 - 0x00007ff990e2b000 	C:\Program Files\Android\Android Studio\jre\bin\jimage.dll
0x00007ff990b00000 - 0x00007ff990b18000 	C:\Program Files\Android\Android Studio\jre\bin\zip.dll
0x00007ff9975b0000 - 0x00007ff997cf4000 	C:\WINDOWS\System32\SHELL32.dll
0x00007ff994650000 - 0x00007ff994de3000 	C:\WINDOWS\SYSTEM32\windows.storage.dll
0x00007ff997060000 - 0x00007ff9973b4000 	C:\WINDOWS\System32\combase.dll
0x00007ff995ff0000 - 0x00007ff99601e000 	C:\WINDOWS\SYSTEM32\Wldp.dll
0x00007ff996f10000 - 0x00007ff996fbd000 	C:\WINDOWS\System32\SHCORE.dll
0x00007ff998600000 - 0x00007ff998655000 	C:\WINDOWS\System32\shlwapi.dll
0x00007ff9964d0000 - 0x00007ff9964ef000 	C:\WINDOWS\SYSTEM32\profapi.dll
0x00007ff98fe20000 - 0x00007ff98fe3a000 	C:\Program Files\Android\Android Studio\jre\bin\net.dll
0x00007ff98d740000 - 0x00007ff98d84a000 	C:\WINDOWS\SYSTEM32\WINHTTP.dll
0x00007ff995d50000 - 0x00007ff995dba000 	C:\WINDOWS\system32\mswsock.dll
0x00007ff98cd60000 - 0x00007ff98cd74000 	C:\Program Files\Android\Android Studio\jre\bin\nio.dll
0x00007ff98fda0000 - 0x00007ff98fdc7000 	C:\Users\Administrator\.gradle\native\e1d6ef7f7dcc3fd88c89a11ec53ec762bb8ba0a96d01ffa2cd45eb1d1d8dd5c5\windows-amd64\native-platform.dll
0x00007ff96df60000 - 0x00007ff96e0a4000 	C:\Users\Administrator\.gradle\native\5664cfc778a61ccfe75a443a1ab52a65af34e5dc3c78e0209fed803814484fcb\windows-amd64\native-platform-file-events.dll
0x00007ff990d10000 - 0x00007ff990d1a000 	C:\Program Files\Android\Android Studio\jre\bin\management.dll
0x00007ff990c10000 - 0x00007ff990c1d000 	C:\Program Files\Android\Android Studio\jre\bin\management_ext.dll
0x00007ff995f40000 - 0x00007ff995f58000 	C:\WINDOWS\SYSTEM32\CRYPTSP.dll
0x00007ff995600000 - 0x00007ff995634000 	C:\WINDOWS\system32\rsaenh.dll
0x00007ff9966f0000 - 0x00007ff996717000 	C:\WINDOWS\System32\bcrypt.dll
0x00007ff996490000 - 0x00007ff9964be000 	C:\WINDOWS\SYSTEM32\USERENV.dll
0x00007ff995f60000 - 0x00007ff995f6c000 	C:\WINDOWS\SYSTEM32\CRYPTBASE.dll
0x00007ff9959f0000 - 0x00007ff995a2c000 	C:\WINDOWS\SYSTEM32\IPHLPAPI.DLL
0x00007ff998ca0000 - 0x00007ff998ca8000 	C:\WINDOWS\System32\NSI.dll
0x00007ff98e900000 - 0x00007ff98e917000 	C:\WINDOWS\SYSTEM32\dhcpcsvc6.DLL
0x00007ff98eea0000 - 0x00007ff98eebd000 	C:\WINDOWS\SYSTEM32\dhcpcsvc.DLL
0x00007ff995a40000 - 0x00007ff995b0b000 	C:\WINDOWS\SYSTEM32\DNSAPI.dll

dbghelp: loaded successfully - version: 4.0.5 - missing functions: none
symbol engine: initialized successfully - sym options: 0x614 - pdb path: .;C:\Program Files\Android\Android Studio\jre\bin;C:\WINDOWS\SYSTEM32;C:\Program Files\Avast Software\Avast;C:\WINDOWS\WinSxS\amd64_microsoft.windows.common-controls_6595b64144ccf1df_6.0.19041.1110_none_60b5254171f9507e;C:\Program Files\Android\Android Studio\jre\bin\server;C:\Users\Administrator\.gradle\native\e1d6ef7f7dcc3fd88c89a11ec53ec762bb8ba0a96d01ffa2cd45eb1d1d8dd5c5\windows-amd64;C:\Users\Administrator\.gradle\native\5664cfc778a61ccfe75a443a1ab52a65af34e5dc3c78e0209fed803814484fcb\windows-amd64

VM Arguments:
jvm_args: --add-opens=java.base/java.util=ALL-UNNAMED --add-opens=java.base/java.lang=ALL-UNNAMED --add-opens=java.base/java.lang.invoke=ALL-UNNAMED --add-opens=java.base/java.util=ALL-UNNAMED --add-opens=java.prefs/java.util.prefs=ALL-UNNAMED --add-opens=java.prefs/java.util.prefs=ALL-UNNAMED --add-opens=java.base/java.nio.charset=ALL-UNNAMED --add-opens=java.base/java.net=ALL-UNNAMED --add-opens=java.base/java.util.concurrent.atomic=ALL-UNNAMED -Xmx2048m -Dfile.encoding=UTF-8 -Duser.country=US -Duser.language=en -Duser.variant 
java_command: org.gradle.launcher.daemon.bootstrap.GradleDaemon 7.2
java_class_path (initial): C:\Users\Administrator\.gradle\wrapper\dists\gradle-7.2-bin\2dnblmf4td7x66yl1d74lt32g\gradle-7.2\lib\gradle-launcher-7.2.jar
Launcher Type: SUN_STANDARD

[Global flags]
     intx CICompilerCount                          = 4                                         {product} {ergonomic}
     uint ConcGCThreads                            = 2                                         {product} {ergonomic}
     uint G1ConcRefinementThreads                  = 8                                         {product} {ergonomic}
   size_t G1HeapRegionSize                         = 1048576                                   {product} {ergonomic}
    uintx GCDrainStackTargetSize                   = 64                                        {product} {ergonomic}
   size_t InitialHeapSize                          = 134217728                                 {product} {ergonomic}
   size_t MarkStackSize                            = 4194304                                   {product} {ergonomic}
   size_t MaxHeapSize                              = 2147483648                                {product} {command line}
   size_t MaxNewSize                               = 1287651328                                {product} {ergonomic}
   size_t MinHeapDeltaBytes                        = 1048576                                   {product} {ergonomic}
    uintx NonNMethodCodeHeapSize                   = 5836300                                {pd product} {ergonomic}
    uintx NonProfiledCodeHeapSize                  = 122910970                              {pd product} {ergonomic}
    uintx ProfiledCodeHeapSize                     = 122910970                              {pd product} {ergonomic}
    uintx ReservedCodeCacheSize                    = 251658240                              {pd product} {ergonomic}
     bool SegmentedCodeCache                       = true                                      {product} {ergonomic}
     bool UseCompressedClassPointers               = true                                 {lp64_product} {ergonomic}
     bool UseCompressedOops                        = true                                 {lp64_product} {ergonomic}
     bool UseG1GC                                  = true                                      {product} {ergonomic}
     bool UseLargePagesIndividualAllocation        = false                                  {pd product} {ergonomic}

Logging:
Log output configuration:
 #0: stdout all=warning uptime,level,tags
 #1: stderr all=off uptime,level,tags

Environment Variables:
JAVA_HOME=C:\Program Files\Java\jdk-19
PATH=C:\Python310\Scripts\;C:\Python310\;C:\Program Files\Common Files\Oracle\Java\javapath;C:\WINDOWS\system32;C:\WINDOWS;C:\WINDOWS\System32\Wbem;C:\WINDOWS\System32\WindowsPowerShell\v1.0\;C:\WINDOWS\System32\OpenSSH\;C:\Program Files\Java\jdk-19\bin;%QUARTUS_ROOTDIR%\bin;C:\Program Files (x86)\Microchip\MPLAB C32 Suite\bin;C:\Program Files\Polyspace\R2019b\runtime\win64;C:\Program Files\Polyspace\R2019b\bin;C:\Program Files\Polyspace\R2019b\polyspace\bin;C:\Users\ADMIN\AppData\Local\Programs\Python\Python310;C:\Users\ADMIN\AppData\Local\Programs\Python\Python310\Scripts;C:\Aldec\Active-HDL-Student-Edition\bin;C:\ProgramData\chocolatey\bin;C:\Program Files\apache-maven-3.9.0\apache-maven\src\bin;C:\Program Files\OpenSSL-Win64\bin;C:\Strawberry\c\bin;C:\Strawberry\perl\site\bin;C:\Strawberry\perl\bin;C:\Program Files\Git\cmd;C:\Users\Administrator\AppData\Local\Microsoft\WindowsApps;;C:\Program Files\JetBrains\IntelliJ IDEA 2022.1\bin;
USERNAME=Administrator
OS=Windows_NT
PROCESSOR_IDENTIFIER=Intel64 Family 6 Model 142 Stepping 10, GenuineIntel



---------------  S Y S T E M  ---------------

OS: Windows 10 , 64 bit Build 19041 (10.0.19041.2913)
OS uptime: 1 days 8:10 hours

CPU:total 8 (initial active 8) (4 cores per cpu, 2 threads per core) family 6 model 142 stepping 10 microcode 0xf0, cmov, cx8, fxsr, mmx, sse, sse2, sse3, ssse3, sse4.1, sse4.2, popcnt, avx, avx2, aes, clmul, erms, 3dnowpref, lzcnt, ht, tsc, tscinvbit, bmi1, bmi2, adx, fma

Memory: 4k page, system-wide physical 8083M (245M free)
TotalPageFile size 11623M (AvailPageFile size 2M)
current process WorkingSet (physical memory assigned to process): 339M, peak: 339M
current process commit charge ("private bytes"): 381M, peak: 383M

vm_info: OpenJDK 64-Bit Server VM (11.0.11+9-b60-7590822) for windows-amd64 JRE (11.0.11+9-b60-7590822), built on Jul 29 2021 21:43:44 by "builder" with MS VC++ 14.0 (VS2015)

END.
